2015/01/14 20:09:03 INFO  - jmeter.util.JMeterUtils: Setting Locale to es_CO 
2015/01/14 20:09:03 INFO  - jmeter.util.JMeterUtils: Could not find resources for 'es_CO', using 'es' 
2015/01/14 20:09:03 INFO  - jmeter.JMeter: Loading user properties from: C:\Users\template\Documents\apache-jmeter-2.12\bin\user.properties 
2015/01/14 20:09:03 INFO  - jmeter.JMeter: Loading system properties from: C:\Users\template\Documents\apache-jmeter-2.12\bin\system.properties 
2015/01/14 20:09:03 INFO  - jmeter.JMeter: Copyright (c) 1998-2014 The Apache Software Foundation 
2015/01/14 20:09:03 INFO  - jmeter.JMeter: Version 2.12 r1636949 
2015/01/14 20:09:03 INFO  - jmeter.JMeter: java.version=1.7.0_71 
2015/01/14 20:09:03 INFO  - jmeter.JMeter: java.vm.name=Java HotSpot(TM) 64-Bit Server VM 
2015/01/14 20:09:03 INFO  - jmeter.JMeter: os.name=Windows 7 
2015/01/14 20:09:03 INFO  - jmeter.JMeter: os.arch=amd64 
2015/01/14 20:09:03 INFO  - jmeter.JMeter: os.version=6.1 
2015/01/14 20:09:03 INFO  - jmeter.JMeter: file.encoding=Cp1252 
2015/01/14 20:09:03 INFO  - jmeter.JMeter: Default Locale=español (Colombia) 
2015/01/14 20:09:03 INFO  - jmeter.JMeter: JMeter  Locale=español (Colombia) 
2015/01/14 20:09:03 INFO  - jmeter.JMeter: JMeterHome=C:\Users\template\Documents\apache-jmeter-2.12 
2015/01/14 20:09:03 INFO  - jmeter.JMeter: user.dir  =C:\Users\template\Documents\apache-jmeter-2.12\bin 
2015/01/14 20:09:03 INFO  - jmeter.JMeter: PWD       =C:\Users\template\Documents\apache-jmeter-2.12\bin 
2015/01/14 20:09:03 INFO  - jmeter.JMeter: IP: 172.24.98.28 Name: ISIS2503-00 FullName: ISIS2503-00.virtual.uniandes.edu.co 
2015/01/14 20:09:03 INFO  - jmeter.JMeter: Loaded icon properties from org/apache/jmeter/images/icon.properties 
2015/01/14 20:09:05 INFO  - jmeter.engine.util.CompoundVariable: Note: Function class names must contain the string: '.functions.' 
2015/01/14 20:09:05 INFO  - jmeter.engine.util.CompoundVariable: Note: Function class names must not contain the string: '.gui.' 
2015/01/14 20:09:06 INFO  - jmeter.gui.action.LookAndFeelCommand: Using look and feel: javax.swing.plaf.metal.MetalLookAndFeel [Metal, CrossPlatform] 
2015/01/14 20:09:07 INFO  - jmeter.util.BSFTestElement: Registering JMeter version of JavaScript engine as work-round for BSF-22 
2015/01/14 20:09:08 INFO  - jmeter.protocol.http.sampler.HTTPSamplerBase: Cannot find .className property for htmlParser, using default 
2015/01/14 20:09:08 INFO  - jmeter.protocol.http.sampler.HTTPSamplerBase: Parser for text/html is  
2015/01/14 20:09:08 INFO  - jmeter.protocol.http.sampler.HTTPSamplerBase: Parser for application/xhtml+xml is  
2015/01/14 20:09:08 INFO  - jmeter.protocol.http.sampler.HTTPSamplerBase: Parser for application/xml is  
2015/01/14 20:09:08 INFO  - jmeter.protocol.http.sampler.HTTPSamplerBase: Parser for text/xml is  
2015/01/14 20:09:08 INFO  - jmeter.protocol.http.sampler.HTTPSamplerBase: Parser for text/vnd.wap.wml is org.apache.jmeter.protocol.http.parser.RegexpHTMLParser 
2015/01/14 20:09:08 INFO  - jmeter.gui.util.MenuFactory: Skipping org.apache.jmeter.protocol.http.control.gui.WebServiceSamplerGui 
2015/01/14 20:09:08 INFO  - jmeter.gui.util.MenuFactory: Skipping org.apache.jmeter.protocol.http.modifier.gui.ParamModifierGui 
2015/01/14 20:09:09 INFO  - jorphan.exec.KeyToolUtils: keytool found at 'keytool' 
2015/01/14 20:09:09 INFO  - jmeter.protocol.http.proxy.ProxyControl: HTTP(S) Test Script Recorder SSL Proxy will use keys that support embedded 3rd party resources in file C:\Users\template\Documents\apache-jmeter-2.12\bin\proxyserver.jks 
2015/01/14 20:09:11 INFO  - jmeter.samplers.SampleResult: Note: Sample TimeStamps are START times 
2015/01/14 20:09:11 INFO  - jmeter.samplers.SampleResult: sampleresult.default.encoding is set to ISO-8859-1 
2015/01/14 20:09:11 INFO  - jmeter.samplers.SampleResult: sampleresult.useNanoTime=true 
2015/01/14 20:09:11 INFO  - jmeter.samplers.SampleResult: sampleresult.nanoThreadSleep=5000 
